#
# There is insufficient memory for the Java Runtime Environment to continue.
# Native memory allocation (malloc) failed to allocate 1970096 bytes for Chunk::new
# Possible reasons:
#   The system is out of physical RAM or swap space
#   In 32 bit mode, the process size limit was hit
# Possible solutions:
#   Reduce memory load on the system
#   Increase physical memory or swap space
#   Check if swap backing store is full
#   Use 64 bit Java on a 64 bit OS
#   Decrease Java heap size (-Xmx/-Xms)
#   Decrease number of Java threads
#   Decrease Java thread stack sizes (-Xss)
#   Set larger code cache with -XX:ReservedCodeCacheSize=
# This output file may be truncated or incomplete.
#
#  Out of Memory Error (allocation.cpp:390), pid=8948, tid=5796
#
# JRE version: Java(TM) SE Runtime Environment (8.0_45-b14) (build 1.8.0_45-b14)
# Java VM: Java HotSpot(TM) 64-Bit Server VM (25.45-b02 mixed mode windows-amd64 compressed oops)
# Failed to write core dump. Minidumps are not enabled by default on client versions of Windows
#

---------------  T H R E A D  ---------------

Current thread (0x0000000016ed8800):  JavaThread "C2 CompilerThread0" daemon [_thread_in_native, id=5796, stack(0x00000000174b0000,0x00000000175b0000)]

Stack: [0x00000000174b0000,0x00000000175b0000]
Native frames: (J=compiled Java code, j=interpreted, Vv=VM code, C=native code)
V  [jvm.dll+0x32b57a]
V  [jvm.dll+0x279873]
V  [jvm.dll+0x27a509]
V  [jvm.dll+0x271825]
V  [jvm.dll+0xcb9e2]
V  [jvm.dll+0xcbeac]
V  [jvm.dll+0x476ef2]
V  [jvm.dll+0x4b955f]
V  [jvm.dll+0x46bf81]
V  [jvm.dll+0x46ccbe]
V  [jvm.dll+0x4500f2]
V  [jvm.dll+0xa4352]
V  [jvm.dll+0xa4c8f]
V  [jvm.dll+0x241984]
V  [jvm.dll+0x29853a]
C  [msvcr100.dll+0x21d9f]
C  [msvcr100.dll+0x21e3b]
C  [KERNEL32.DLL+0x13d2]
C  [ntdll.dll+0x15444]


Current CompileTask:
C2:   3665 2741       4       com.android.dx.merge.DexMerger::transformMethods (126 bytes)


---------------  P R O C E S S  ---------------

Java Threads: ( => current thread )
  0x0000000016f77800 JavaThread "Service Thread" daemon [_thread_blocked, id=8140, stack(0x00000000178b0000,0x00000000179b0000)]
  0x0000000016f08800 JavaThread "C1 CompilerThread3" daemon [_thread_blocked, id=6876, stack(0x00000000177b0000,0x00000000178b0000)]
  0x0000000016eeb800 JavaThread "C2 CompilerThread2" daemon [_thread_in_native, id=6932, stack(0x00000000176b0000,0x00000000177b0000)]
  0x0000000016ee5800 JavaThread "C2 CompilerThread1" daemon [_thread_in_native, id=4864, stack(0x00000000175b0000,0x00000000176b0000)]
=>0x0000000016ed8800 JavaThread "C2 CompilerThread0" daemon [_thread_in_native, id=5796, stack(0x00000000174b0000,0x00000000175b0000)]
  0x0000000016ed3000 JavaThread "Attach Listener" daemon [_thread_blocked, id=164, stack(0x00000000173b0000,0x00000000174b0000)]
  0x0000000016ed2000 JavaThread "Signal Dispatcher" daemon [_thread_blocked, id=12024, stack(0x00000000172b0000,0x00000000173b0000)]
  0x00000000023a9800 JavaThread "Finalizer" daemon [_thread_blocked, id=6560, stack(0x0000000016db0000,0x0000000016eb0000)]
  0x00000000023a3000 JavaThread "Reference Handler" daemon [_thread_blocked, id=10032, stack(0x0000000016cb0000,0x0000000016db0000)]
  0x00000000022b0800 JavaThread "main" [_thread_in_Java, id=6796, stack(0x00000000021b0000,0x00000000022b0000)]

Other Threads:
  0x0000000014ec9000 VMThread [stack: 0x0000000016bb0000,0x0000000016cb0000] [id=10004]
  0x0000000016f80800 WatcherThread [stack: 0x00000000179b0000,0x0000000017ab0000] [id=4932]

VM state:not at safepoint (normal execution)

VM Mutex/Monitor currently owned by a thread: None

Heap:
 PSYoungGen      total 238592K, used 7984K [0x00000000eab00000, 0x00000000ffa00000, 0x0000000100000000)
  eden space 200704K, 3% used [0x00000000eab00000,0x00000000eb2cc3a0,0x00000000f6f00000)
  from space 37888K, 0% used [0x00000000fd500000,0x00000000fd500000,0x00000000ffa00000)
  to   space 45568K, 0% used [0x00000000fa100000,0x00000000fa100000,0x00000000fcd80000)
 ParOldGen       total 87552K, used 41583K [0x00000000c0000000, 0x00000000c5580000, 0x00000000eab00000)
  object space 87552K, 47% used [0x00000000c0000000,0x00000000c289be08,0x00000000c5580000)
 Metaspace       used 7176K, capacity 7704K, committed 7936K, reserved 1056768K
  class space    used 700K, capacity 720K, committed 768K, reserved 1048576K

Card table byte_map: [0x0000000011770000,0x0000000011980000] byte_map_base: 0x0000000011170000

Marking Bits: (ParMarkBitMap*) 0x0000000067d24040
 Begin Bits: [0x00000000122e0000, 0x00000000132e0000)
 End Bits:   [0x00000000132e0000, 0x00000000142e0000)

Polling page: 0x00000000007a0000

CodeCache: size=245760Kb used=9850Kb max_used=9876Kb free=235909Kb
 bounds [0x00000000023b0000, 0x0000000002d60000, 0x00000000113b0000]
 total_blobs=3061 nmethods=2773 adapters=201
 compilation: enabled

Compilation events (10 events):
Event: 3.405 Thread 0x0000000016f08800 2842       3       java.util.regex.Matcher::start (22 bytes)
Event: 3.405 Thread 0x0000000016f08800 nmethod 2842 0x0000000002d3d650 code [0x0000000002d3d7c0, 0x0000000002d3da28]
Event: 3.438 Thread 0x0000000016f08800 2846 %     3       java.util.ComparableTimSort::mergeLo @ 147 (656 bytes)
Event: 3.440 Thread 0x0000000016f08800 nmethod 2846% 0x0000000002d3f990 code [0x0000000002d3fce0, 0x0000000002d421d8]
Event: 3.445 Thread 0x0000000016f08800 2848       2       com.android.dex.EncodedValueReader::readFloat (27 bytes)
Event: 3.445 Thread 0x0000000016f08800 nmethod 2848 0x0000000002d35fd0 code [0x0000000002d36140, 0x0000000002d362f8]
Event: 3.448 Thread 0x0000000016f08800 2850 %     3       com.android.dx.merge.DexMerger::getSortedTypes @ 51 (139 bytes)
Event: 3.449 Thread 0x0000000016f08800 nmethod 2850% 0x0000000002d4d850 code [0x0000000002d4dac0, 0x0000000002d4ea28]
Event: 3.492 Thread 0x0000000016f08800 2851       2       com.android.dx.io.instructions.ShortArrayCodeInput::readLong (45 bytes)
Event: 3.493 Thread 0x0000000016f08800 nmethod 2851 0x0000000002d4f210 code [0x0000000002d4f3c0, 0x0000000002d4f958]

GC Heap History (10 events):
Event: 1.020 GC heap before
{Heap before GC invocations=2 (full 0):
 PSYoungGen      total 38400K, used 38382K [0x00000000eab00000, 0x00000000ef600000, 0x0000000100000000)
  eden space 33280K, 100% used [0x00000000eab00000,0x00000000ecb80000,0x00000000ecb80000)
  from space 5120K, 99% used [0x00000000ecb80000,0x00000000ed07ba80,0x00000000ed080000)
  to   space 5120K, 0% used [0x00000000ef100000,0x00000000ef100000,0x00000000ef600000)
 ParOldGen       total 87552K, used 9843K [0x00000000c0000000, 0x00000000c5580000, 0x00000000eab00000)
  object space 87552K, 11% used [0x00000000c0000000,0x00000000c099cf60,0x00000000c5580000)
 Metaspace       used 5029K, capacity 6544K, committed 6784K, reserved 1056768K
  class space    used 499K, capacity 584K, committed 640K, reserved 1048576K
Event: 1.055 GC heap after
Heap after GC invocations=2 (full 0):
 PSYoungGen      total 71680K, used 5096K [0x00000000eab00000, 0x00000000ef600000, 0x0000000100000000)
  eden space 66560K, 0% used [0x00000000eab00000,0x00000000eab00000,0x00000000eec00000)
  from space 5120K, 99% used [0x00000000ef100000,0x00000000ef5fa2b8,0x00000000ef600000)
  to   space 5120K, 0% used [0x00000000eec00000,0x00000000eec00000,0x00000000ef100000)
 ParOldGen       total 87552K, used 25795K [0x00000000c0000000, 0x00000000c5580000, 0x00000000eab00000)
  object space 87552K, 29% used [0x00000000c0000000,0x00000000c1930e70,0x00000000c5580000)
 Metaspace       used 5029K, capacity 6544K, committed 6784K, reserved 1056768K
  class space    used 499K, capacity 584K, committed 640K, reserved 1048576K
}
Event: 1.984 GC heap before
{Heap before GC invocations=3 (full 0):
 PSYoungGen      total 71680K, used 71656K [0x00000000eab00000, 0x00000000ef600000, 0x0000000100000000)
  eden space 66560K, 100% used [0x00000000eab00000,0x00000000eec00000,0x00000000eec00000)
  from space 5120K, 99% used [0x00000000ef100000,0x00000000ef5fa2b8,0x00000000ef600000)
  to   space 5120K, 0% used [0x00000000eec00000,0x00000000eec00000,0x00000000ef100000)
 ParOldGen       total 87552K, used 25795K [0x00000000c0000000, 0x00000000c5580000, 0x00000000eab00000)
  object space 87552K, 29% used [0x00000000c0000000,0x00000000c1930e70,0x00000000c5580000)
 Metaspace       used 6112K, capacity 7216K, committed 7296K, reserved 1056768K
  class space    used 582K, capacity 616K, committed 640K, reserved 1048576K
Event: 2.012 GC heap after
Heap after GC invocations=3 (full 0):
 PSYoungGen      total 71680K, used 5115K [0x00000000eab00000, 0x00000000f3700000, 0x0000000100000000)
  eden space 66560K, 0% used [0x00000000eab00000,0x00000000eab00000,0x00000000eec00000)
  from space 5120K, 99% used [0x00000000eec00000,0x00000000ef0fefd8,0x00000000ef100000)
  to   space 5120K, 0% used [0x00000000f3200000,0x00000000f3200000,0x00000000f3700000)
 ParOldGen       total 87552K, used 42993K [0x00000000c0000000, 0x00000000c5580000, 0x00000000eab00000)
  object space 87552K, 49% used [0x00000000c0000000,0x00000000c29fc610,0x00000000c5580000)
 Metaspace       used 6112K, capacity 7216K, committed 7296K, reserved 1056768K
  class space    used 582K, capacity 616K, committed 640K, reserved 1048576K
}
Event: 2.492 GC heap before
{Heap before GC invocations=4 (full 0):
 PSYoungGen      total 71680K, used 71675K [0x00000000eab00000, 0x00000000f3700000, 0x0000000100000000)
  eden space 66560K, 100% used [0x00000000eab00000,0x00000000eec00000,0x00000000eec00000)
  from space 5120K, 99% used [0x00000000eec00000,0x00000000ef0fefd8,0x00000000ef100000)
  to   space 5120K, 0% used [0x00000000f3200000,0x00000000f3200000,0x00000000f3700000)
 ParOldGen       total 87552K, used 42993K [0x00000000c0000000, 0x00000000c5580000, 0x00000000eab00000)
  object space 87552K, 49% used [0x00000000c0000000,0x00000000c29fc610,0x00000000c5580000)
 Metaspace       used 7131K, capacity 7704K, committed 7936K, reserved 1056768K
  class space    used 699K, capacity 720K, committed 768K, reserved 1048576K
Event: 2.534 GC heap after
Heap after GC invocations=4 (full 0):
 PSYoungGen      total 138240K, used 5105K [0x00000000eab00000, 0x00000000f3700000, 0x0000000100000000)
  eden space 133120K, 0% used [0x00000000eab00000,0x00000000eab00000,0x00000000f2d00000)
  from space 5120K, 99% used [0x00000000f3200000,0x00000000f36fc4a8,0x00000000f3700000)
  to   space 5120K, 0% used [0x00000000f2d00000,0x00000000f2d00000,0x00000000f3200000)
 ParOldGen       total 87552K, used 46432K [0x00000000c0000000, 0x00000000c5580000, 0x00000000eab00000)
  object space 87552K, 53% used [0x00000000c0000000,0x00000000c2d58270,0x00000000c5580000)
 Metaspace       used 7131K, capacity 7704K, committed 7936K, reserved 1056768K
  class space    used 699K, capacity 720K, committed 768K, reserved 1048576K
}
Event: 3.085 GC heap before
{Heap before GC invocations=5 (full 0):
 PSYoungGen      total 138240K, used 138225K [0x00000000eab00000, 0x00000000f3700000, 0x0000000100000000)
  eden space 133120K, 100% used [0x00000000eab00000,0x00000000f2d00000,0x00000000f2d00000)
  from space 5120K, 99% used [0x00000000f3200000,0x00000000f36fc4a8,0x00000000f3700000)
  to   space 5120K, 0% used [0x00000000f2d00000,0x00000000f2d00000,0x00000000f3200000)
 ParOldGen       total 87552K, used 46432K [0x00000000c0000000, 0x00000000c5580000, 0x00000000eab00000)
  object space 87552K, 53% used [0x00000000c0000000,0x00000000c2d58270,0x00000000c5580000)
 Metaspace       used 7165K, capacity 7704K, committed 7936K, reserved 1056768K
  class space    used 700K, capacity 720K, committed 768K, reserved 1048576K
Event: 3.120 GC heap after
Heap after GC invocations=5 (full 0):
 PSYoungGen      total 138240K, used 5100K [0x00000000eab00000, 0x00000000ffb00000, 0x0000000100000000)
  eden space 133120K, 0% used [0x00000000eab00000,0x00000000eab00000,0x00000000f2d00000)
  from space 5120K, 99% used [0x00000000f2d00000,0x00000000f31fb1f8,0x00000000f3200000)
  to   space 38912K, 0% used [0x00000000fd500000,0x00000000fd500000,0x00000000ffb00000)
 ParOldGen       total 87552K, used 77777K [0x00000000c0000000, 0x00000000c5580000, 0x00000000eab00000)
  object space 87552K, 88% used [0x00000000c0000000,0x00000000c4bf4788,0x00000000c5580000)
 Metaspace       used 7165K, capacity 7704K, committed 7936K, reserved 1056768K
  class space    used 700K, capacity 720K, committed 768K, reserved 1048576K
}
Event: 3.120 GC heap before
{Heap before GC invocations=6 (full 1):
 PSYoungGen      total 138240K, used 5100K [0x00000000eab00000, 0x00000000ffb00000, 0x0000000100000000)
  eden space 133120K, 0% used [0x00000000eab00000,0x00000000eab00000,0x00000000f2d00000)
  from space 5120K, 99% used [0x00000000f2d00000,0x00000000f31fb1f8,0x00000000f3200000)
  to   space 38912K, 0% used [0x00000000fd500000,0x00000000fd500000,0x00000000ffb00000)
 ParOldGen       total 87552K, used 77777K [0x00000000c0000000, 0x00000000c5580000, 0x00000000eab00000)
  object space 87552K, 88% used [0x00000000c0000000,0x00000000c4bf4788,0x00000000c5580000)
 Metaspace       used 7165K, capacity 7704K, committed 7936K, reserved 1056768K
  class space    used 700K, capacity 720K, committed 768K, reserved 1048576K
Event: 3.293 GC heap after
Heap after GC invocations=6 (full 1):
 PSYoungGen      total 138240K, used 0K [0x00000000eab00000, 0x00000000ffb00000, 0x0000000100000000)
  eden space 133120K, 0% used [0x00000000eab00000,0x00000000eab00000,0x00000000f2d00000)
  from space 5120K, 0% used [0x00000000f2d00000,0x00000000f2d00000,0x00000000f3200000)
  to   space 38912K, 0% used [0x00000000fd500000,0x00000000fd500000,0x00000000ffb00000)
 ParOldGen       total 87552K, used 37987K [0x00000000c0000000, 0x00000000c5580000, 0x00000000eab00000)
  object space 87552K, 43% used [0x00000000c0000000,0x00000000c2518f58,0x00000000c5580000)
 Metaspace       used 7165K, capacity 7704K, committed 7936K, reserved 1056768K
  class space    used 700K, capacity 720K, committed 768K, reserved 1048576K
}

Deoptimization events (10 events):
Event: 2.436 Thread 0x00000000022b0800 Uncommon trap: reason=unstable_if action=reinterpret pc=0x0000000002c38ec8 method=com.android.dex.Mutf8.decode(Lcom/android/dex/util/ByteInput;[C)Ljava/lang/String; @ 37
Event: 2.436 Thread 0x00000000022b0800 Uncommon trap: reason=unstable_if action=reinterpret pc=0x0000000002c5c590 method=com.android.dex.Mutf8.countBytes(Ljava/lang/String;Z)J @ 35
Event: 2.436 Thread 0x00000000022b0800 Uncommon trap: reason=unstable_if action=reinterpret pc=0x0000000002b15398 method=com.android.dex.Mutf8.encode([BILjava/lang/String;)V @ 31
Event: 2.484 Thread 0x00000000022b0800 Uncommon trap: reason=unstable_if action=reinterpret pc=0x0000000002c30e58 method=com.android.dex.Mutf8.decode(Lcom/android/dex/util/ByteInput;[C)Ljava/lang/String; @ 37
Event: 2.484 Thread 0x00000000022b0800 Uncommon trap: reason=unstable_if action=reinterpret pc=0x0000000002c40df0 method=com.android.dex.Mutf8.countBytes(Ljava/lang/String;Z)J @ 35
Event: 2.601 Thread 0x00000000022b0800 Uncommon trap: reason=unstable_if action=reinterpret pc=0x0000000002b33e90 method=com.android.dex.Mutf8.decode(Lcom/android/dex/util/ByteInput;[C)Ljava/lang/String; @ 37
Event: 2.601 Thread 0x00000000022b0800 Uncommon trap: reason=unstable_if action=reinterpret pc=0x0000000002c56c98 method=com.android.dex.Mutf8.countBytes(Ljava/lang/String;Z)J @ 35
Event: 2.674 Thread 0x00000000022b0800 Uncommon trap: reason=unstable_if action=reinterpret pc=0x0000000002b13084 method=com.android.dex.Mutf8.countBytes(Ljava/lang/String;Z)J @ 35
Event: 2.893 Thread 0x00000000022b0800 Uncommon trap: reason=unstable_if action=reinterpret pc=0x000000000290cf80 method=java.util.HashMap.getNode(ILjava/lang/Object;)Ljava/util/HashMap$Node; @ 84
Event: 2.910 Thread 0x00000000022b0800 Uncommon trap: reason=unstable_if action=reinterpret pc=0x00000000029e9a4c method=java.util.HashMap.getNode(ILjava/lang/Object;)Ljava/util/HashMap$Node; @ 84

Internal exceptions (6 events):
Event: 0.043 Thread 0x00000000022b0800 Exception <a 'java/lang/NoSuchMethodError': Method sun.misc.Unsafe.defineClass(Ljava/lang/String;[BII)Ljava/lang/Class; name or signature does not match> (0x00000000eab0d390) thrown at [C:\re\workspace\8-2-build-windows-amd64-cygwin\jdk8u45\3457\hotspot\sr‰ÚÏfƒû¥?
Event: 0.043 Thread 0x00000000022b0800 Exception <a 'java/lang/NoSuchMethodError': Method sun.misc.Unsafe.prefetchRead(Ljava/lang/Object;J)V name or signature does not match> (0x00000000eab0d620) thrown at [C:\re\workspace\8-2-build-windows-amd64-cygwin\jdk8u45\3457\hotspot\src\share\vm\prims\jèŽIÅN@
Event: 2.139 Thread 0x00000000022b0800 Exception <a 'java/security/PrivilegedActionException'> (0x00000000eb25fc80) thrown at [C:\re\workspace\8-2-build-windows-amd64-cygwin\jdk8u45\3457\hotspot\src\share\vm\prims\jvm.cpp, line 1382]
Event: 2.139 Thread 0x00000000022b0800 Exception <a 'java/security/PrivilegedActionException'> (0x00000000eb25ffc8) thrown at [C:\re\workspace\8-2-build-windows-amd64-cygwin\jdk8u45\3457\hotspot\src\share\vm\prims\jvm.cpp, line 1382]
Event: 2.140 Thread 0x00000000022b0800 Exception <a 'java/security/PrivilegedActionException'> (0x00000000eb263de0) thrown at [C:\re\workspace\8-2-build-windows-amd64-cygwin\jdk8u45\3457\hotspot\src\share\vm\prims\jvm.cpp, line 1382]
Event: 2.140 Thread 0x00000000022b0800 Exception <a 'java/security/PrivilegedActionException'> (0x00000000eb264128) thrown at [C:\re\workspace\8-2-build-windows-amd64-cygwin\jdk8u45\3457\hotspot\src\share\vm\prims\jvm.cpp, line 1382]

Events (10 events):
Event: 3.085 Executing VM operation: ParallelGCFailedAllocation
Event: 3.293 Executing VM operation: ParallelGCFailedAllocation done
Event: 3.426 Thread 0x00000000022b0800 DEOPT PACKING pc=0x0000000002cbc3cf sp=0x00000000022af090
Event: 3.426 Thread 0x00000000022b0800 DEOPT UNPACKING pc=0x00000000023f787f sp=0x00000000022aed80 mode 0
Event: 3.427 Thread 0x00000000022b0800 DEOPT PACKING pc=0x0000000002cbc3cf sp=0x00000000022af090
Event: 3.427 Thread 0x00000000022b0800 DEOPT UNPACKING pc=0x00000000023f787f sp=0x00000000022aed80 mode 0
Event: 3.439 Thread 0x00000000022b0800 DEOPT PACKING pc=0x0000000002cbc3cf sp=0x00000000022af090
Event: 3.439 Thread 0x00000000022b0800 DEOPT UNPACKING pc=0x00000000023f787f sp=0x00000000022aed80 mode 0
Event: 3.443 Thread 0x00000000022b0800 DEOPT PACKING pc=0x0000000002cbc3cf sp=0x00000000022af010
Event: 3.443 Thread 0x00000000022b0800 DEOPT UNPACKING pc=0x00000000023f787f sp=0x00000000022aed00 mode 0


Dynamic libraries:
0x00007ff7388d0000 - 0x00007ff738907000 	C:\PROGRA~3\Oracle\Java\javapath\java.exe
0x00007ffd7a6a0000 - 0x00007ffd7a84c000 	C:\Windows\SYSTEM32\ntdll.dll
0x00007ffd78110000 - 0x00007ffd7824e000 	C:\Windows\system32\KERNEL32.DLL
0x00007ffd77b00000 - 0x00007ffd77c15000 	C:\Windows\system32\KERNELBASE.dll
0x00007ffd76350000 - 0x00007ffd763de000 	C:\Windows\system32\apphelp.dll
0x00007ffd68630000 - 0x00007ffd68683000 	C:\Windows\AppPatch\AppPatch64\AcGenral.DLL
0x00007ffd78250000 - 0x00007ffd782fa000 	C:\Windows\system32\msvcrt.dll
0x00007ffd77620000 - 0x00007ffd7764e000 	C:\Windows\SYSTEM32\SspiCli.dll
0x00007ffd78c60000 - 0x00007ffd78cb4000 	C:\Windows\system32\SHLWAPI.dll
0x00007ffd78430000 - 0x00007ffd785a7000 	C:\Windows\system32\USER32.dll
0x00007ffd785b0000 - 0x00007ffd78744000 	C:\Windows\system32\ole32.dll
0x00007ffd78d20000 - 0x00007ffd7a238000 	C:\Windows\system32\SHELL32.dll
0x00007ffd76dc0000 - 0x00007ffd76de1000 	C:\Windows\SYSTEM32\USERENV.dll
0x00007ffd78380000 - 0x00007ffd7842a000 	C:\Windows\system32\ADVAPI32.dll
0x00007ffd6a930000 - 0x00007ffd6a94e000 	C:\Windows\SYSTEM32\MPR.dll
0x00007ffd77e80000 - 0x00007ffd77fc1000 	C:\Windows\system32\RPCRT4.dll
0x00007ffd78cc0000 - 0x00007ffd78d19000 	C:\Windows\SYSTEM32\sechost.dll
0x00007ffd787c0000 - 0x00007ffd789d1000 	C:\Windows\SYSTEM32\combase.dll
0x00007ffd77d20000 - 0x00007ffd77e71000 	C:\Windows\system32\GDI32.dll
0x00007ffd777f0000 - 0x00007ffd77805000 	C:\Windows\SYSTEM32\profapi.dll
0x00007ffd75d00000 - 0x00007ffd75db2000 	C:\Windows\SYSTEM32\SHCORE.dll
0x00007ffd78780000 - 0x00007ffd787b6000 	C:\Windows\system32\IMM32.DLL
0x00007ffd78aa0000 - 0x00007ffd78bf2000 	C:\Windows\system32\MSCTF.dll
0x00007ffd753f0000 - 0x00007ffd7566b000 	C:\Windows\WinSxS\amd64_microsoft.windows.common-controls_6595b64144ccf1df_6.0.9600.17784_none_624760d1ecb7236e\COMCTL32.dll
0x0000000067db0000 - 0x0000000067e82000 	C:\Program Files\Java\jre1.8.0_45\bin\msvcr100.dll
0x0000000067520000 - 0x0000000067da3000 	C:\Program Files\Java\jre1.8.0_45\bin\server\jvm.dll
0x00007ffd5f180000 - 0x00007ffd5f189000 	C:\Windows\SYSTEM32\WSOCK32.dll
0x00007ffd738a0000 - 0x00007ffd738c2000 	C:\Windows\SYSTEM32\WINMM.dll
0x00007ffd738d0000 - 0x00007ffd738da000 	C:\Windows\SYSTEM32\VERSION.dll
0x00007ffd78770000 - 0x00007ffd78777000 	C:\Windows\system32\PSAPI.DLL
0x00007ffd78c00000 - 0x00007ffd78c5a000 	C:\Windows\system32\WS2_32.dll
0x00007ffd73550000 - 0x00007ffd7357a000 	C:\Windows\SYSTEM32\WINMMBASE.dll
0x00007ffd78300000 - 0x00007ffd78309000 	C:\Windows\system32\NSI.dll
0x00007ffd77c20000 - 0x00007ffd77c6f000 	C:\Windows\SYSTEM32\cfgmgr32.dll
0x00007ffd765a0000 - 0x00007ffd765c8000 	C:\Windows\SYSTEM32\DEVOBJ.dll
0x0000000069cd0000 - 0x0000000069cdf000 	C:\Program Files\Java\jre1.8.0_45\bin\verify.dll
0x0000000069ca0000 - 0x0000000069cc9000 	C:\Program Files\Java\jre1.8.0_45\bin\java.dll
0x0000000069c80000 - 0x0000000069c96000 	C:\Program Files\Java\jre1.8.0_45\bin\zip.dll
0x00007ffd72670000 - 0x00007ffd727f9000 	C:\Windows\SYSTEM32\dbghelp.dll

VM Arguments:
jvm_args: -Xmx1024M -Xss1m -Djava.ext.dirs=C:\Users\Jamil\AppData\Local\Android\sdk\build-tools\21.1.2\lib 
java_command: C:\Users\Jamil\AppData\Local\Android\sdk\build-tools\21.1.2\lib\dx.jar --dex --no-optimize --output D:\Dev\Appsuline\app\build\intermediates\dex\debug --input-list D:\Dev\Appsuline\app\build\intermediates\tmp\dex\debug\inputList.txt
java_class_path (initial): C:\Users\Jamil\AppData\Local\Android\sdk\build-tools\21.1.2\lib\dx.jar
Launcher Type: SUN_STANDARD

Environment Variables:
PATH=C:\ProgramData\Oracle\Java\javapath;C:\Program Files (x86)\Intel\iCLS Client\;C:\Program Files\Intel\iCLS Client\;C:\Windows\system32;C:\Windows;C:\Windows\System32\Wbem;C:\Windows\System32\WindowsPowerShell\v1.0\;C:\Program Files\Intel\Intel(R) Management Engine Components\DAL;C:\Program Files\Intel\Intel(R) Management Engine Components\IPT;C:\Program Files (x86)\Intel\Intel(R) Management Engine Components\DAL;C:\Program Files (x86)\Intel\Intel(R) Management Engine Components\IPT;C:\Program Files (x86)\Skype\Phone\;C:\Program Files (x86)\NVIDIA Corporation\PhysX\Common
USERNAME=Jamil
OS=Windows_NT
PROCESSOR_IDENTIFIER=Intel64 Family 6 Model 60 Stepping 3, GenuineIntel



---------------  S Y S T E M  ---------------

OS: Windows 8.1 , 64 bit Build 9600 (6.3.9600.17415)

CPU:total 8 (4 cores per cpu, 2 threads per core) family 6 model 60 stepping 3, cmov, cx8, fxsr, mmx, sse, sse2, sse3, ssse3, sse4.1, sse4.2, popcnt, avx, avx2, aes, clmul, erms, lzcnt, ht, tsc, tscinvbit, bmi1, bmi2

Memory: 4k page, physical 8268648k(888544k free), swap 11414376k(6968k free)

vm_info: Java HotSpot(TM) 64-Bit Server VM (25.45-b02) for windows-amd64 JRE (1.8.0_45-b14), built on Apr 10 2015 10:34:15 by "java_re" with MS VC++ 10.0 (VS2010)

time: Tue May 26 17:23:03 2015
elapsed time: 3 seconds (0d 0h 0m 3s)

